app/manifest-merger-release-report.txt
-- Merging decision tree log ---
manifest
ADDED from AndroidManifest.xml:2:1
	package
		ADDED from AndroidManifest.xml:3:5
		INJECTED from AndroidManifest.xml:0:0
		INJECTED from AndroidManifest.xml:0:0
	android:versionName
		INJECTED from AndroidManifest.xml:0:0
		INJECTED from AndroidManifest.xml:0:0
	xmlns:android
		ADDED from AndroidManifest.xml:2:11
	android:versionCode
		INJECTED from AndroidManifest.xml:0:0
		INJECTED from AndroidManifest.xml:0:0
uses-permission#android.permission.INTERNET
ADDED from AndroidManifest.xml:5:5
	android:name
		ADDED from AndroidManifest.xml:5:22
uses-permission#android.permission.WRITE_EXTERNAL_STORAGE
ADDED from AndroidManifest.xml:6:5
	android:name
		ADDED from AndroidManifest.xml:6:22
application
ADDED from AndroidManifest.xml:8:5
MERGED from com.android.support:appcompat-v7:21.0.3:16:5
MERGED from com.android.support:support-v4:21.0.3:16:5
MERGED from com.android.support:support-v4:21.0.3:16:5
MERGED from com.android.support:cardview-v7:21.0.3:16:5
MERGED from com.android.support:recyclerview-v7:21.0.3:17:5
MERGED from com.android.support:support-v4:21.0.3:16:5
	android:label
		ADDED from AndroidManifest.xml:11:9
	android:allowBackup
		ADDED from AndroidManifest.xml:9:9
	android:icon
		ADDED from AndroidManifest.xml:10:9
	android:theme
		ADDED from AndroidManifest.xml:12:9
activity#com.electricdroid.renaissance.Renaissance
ADDED from AndroidManifest.xml:13:9
	android:label
		ADDED from AndroidManifest.xml:15:13
	android:name
		ADDED from AndroidManifest.xml:14:13
intent-filter#android.intent.action.MAIN+android.intent.category.DEFAULT
ADDED from AndroidManifest.xml:16:13
action#android.intent.action.MAIN
ADDED from AndroidManifest.xml:17:17
	android:name
		ADDED from AndroidManifest.xml:17:25
category#android.intent.category.DEFAULT
ADDED from AndroidManifest.xml:19:17
	android:name
		ADDED from AndroidManifest.xml:19:27
activity#com.electricdroid.renaissance.Schedule
ADDED from AndroidManifest.xml:22:9
	android:label
		ADDED from AndroidManifest.xml:24:13
	android:parentActivityName
		ADDED from AndroidManifest.xml:25:13
	android:theme
		ADDED from AndroidManifest.xml:26:13
	android:name
		ADDED from AndroidManifest.xml:23:13
meta-data#android.support.PARENT_ACTIVITY
ADDED from AndroidManifest.xml:27:13
	android:value
		ADDED from AndroidManifest.xml:29:17
	android:name
		ADDED from AndroidManifest.xml:28:17
activity#com.electricdroid.renaissance.SplashEvents
ADDED from AndroidManifest.xml:31:9
	android:label
		ADDED from AndroidManifest.xml:33:13
	android:parentActivityName
		ADDED from AndroidManifest.xml:34:13
	android:theme
		ADDED from AndroidManifest.xml:35:13
	android:name
		ADDED from AndroidManifest.xml:32:13
activity#com.electricdroid.renaissance.QuantaEvents
ADDED from AndroidManifest.xml:40:9
	android:label
		ADDED from AndroidManifest.xml:42:13
	android:parentActivityName
		ADDED from AndroidManifest.xml:43:13
	android:name
		ADDED from AndroidManifest.xml:41:13
activity#com.electricdroid.renaissance.EndeavourEvents
ADDED from AndroidManifest.xml:48:9
	android:label
		ADDED from AndroidManifest.xml:50:13
	android:parentActivityName
		ADDED from AndroidManifest.xml:51:13
	android:theme
		ADDED from AndroidManifest.xml:52:13
	android:name
		ADDED from AndroidManifest.xml:49:13
activity#com.electricdroid.renaissance.SplashScreen
ADDED from AndroidManifest.xml:57:9
	android:label
		ADDED from AndroidManifest.xml:59:13
	android:name
		ADDED from AndroidManifest.xml:58:13
intent-filter#android.intent.action.MAIN+android.intent.category.LAUNCHER
ADDED from AndroidManifest.xml:60:13
category#android.intent.category.LAUNCHER
ADDED from AndroidManifest.xml:63:17
	android:name
		ADDED from AndroidManifest.xml:63:27
activity#com.electricdroid.renaissance.splash.SplashEvent
ADDED from AndroidManifest.xml:66:9
	android:label
		ADDED from AndroidManifest.xml:68:13
	android:parentActivityName
		ADDED from AndroidManifest.xml:69:13
	android:name
		ADDED from AndroidManifest.xml:67:13
activity#com.electricdroid.renaissance.Website
ADDED from AndroidManifest.xml:74:9
	android:label
		ADDED from AndroidManifest.xml:76:13
	android:name
		ADDED from AndroidManifest.xml:75:13
activity#com.electricdroid.renaissance.gallery.GalleryView
ADDED from AndroidManifest.xml:77:9
	android:label
		ADDED from AndroidManifest.xml:79:13
	android:parentActivityName
		ADDED from AndroidManifest.xml:80:13
	android:name
		ADDED from AndroidManifest.xml:78:13
activity#com.electricdroid.renaissance.About
ADDED from AndroidManifest.xml:85:9
	android:label
		ADDED from AndroidManifest.xml:87:13
	android:parentActivityName
		ADDED from AndroidManifest.xml:88:13
	android:name
		ADDED from AndroidManifest.xml:86:13
activity#com.electricdroid.renaissance.splash.Antakshri
ADDED from AndroidManifest.xml:93:9
	android:label
		ADDED from AndroidManifest.xml:95:13
	android:parentActivityName
		ADDED from AndroidManifest.xml:96:13
	android:name
		ADDED from AndroidManifest.xml:94:13
activity#com.electricdroid.renaissance.splash.FootLoose
ADDED from AndroidManifest.xml:101:9
	android:label
		ADDED from AndroidManifest.xml:103:13
	android:parentActivityName
		ADDED from AndroidManifest.xml:104:13
	android:name
		ADDED from AndroidManifest.xml:102:13
activity#com.electricdroid.renaissance.splash.CampusRoadies
ADDED from AndroidManifest.xml:109:9
	android:label
		ADDED from AndroidManifest.xml:111:13
	android:parentActivityName
		ADDED from AndroidManifest.xml:112:13
	android:name
		ADDED from AndroidManifest.xml:110:13
activity#com.electricdroid.renaissance.splash.BeatTheBeats
ADDED from AndroidManifest.xml:117:9
	android:label
		ADDED from AndroidManifest.xml:119:13
	android:parentActivityName
		ADDED from AndroidManifest.xml:120:13
	android:name
		ADDED from AndroidManifest.xml:118:13
activity#com.electricdroid.renaissance.splash.ChefsCorner
ADDED from AndroidManifest.xml:125:9
	android:label
		ADDED from AndroidManifest.xml:127:13
	android:parentActivityName
		ADDED from AndroidManifest.xml:128:13
	android:name
		ADDED from AndroidManifest.xml:126:13
activity#com.electricdroid.renaissance.splash.StreetFootball
ADDED from AndroidManifest.xml:133:9
	android:label
		ADDED from AndroidManifest.xml:135:13
	android:parentActivityName
		ADDED from AndroidManifest.xml:136:13
	android:name
		ADDED from AndroidManifest.xml:134:13
activity#com.electricdroid.renaissance.splash.GullyCricket
ADDED from AndroidManifest.xml:141:9
	android:label
		ADDED from AndroidManifest.xml:143:13
	android:parentActivityName
		ADDED from AndroidManifest.xml:144:13
	android:name
		ADDED from AndroidManifest.xml:142:13
activity#com.electricdroid.renaissance.splash.LanGaming
ADDED from AndroidManifest.xml:149:9
	android:label
		ADDED from AndroidManifest.xml:151:13
	android:parentActivityName
		ADDED from AndroidManifest.xml:152:13
	android:name
		ADDED from AndroidManifest.xml:150:13
activity#com.electricdroid.renaissance.splash.MadHouse
ADDED from AndroidManifest.xml:157:9
	android:label
		ADDED from AndroidManifest.xml:159:13
	android:parentActivityName
		ADDED from AndroidManifest.xml:160:13
	android:name
		ADDED from AndroidManifest.xml:158:13
activity#com.electricdroid.renaissance.splash.RapZap
ADDED from AndroidManifest.xml:165:9
	android:label
		ADDED from AndroidManifest.xml:167:13
	android:parentActivityName
		ADDED from AndroidManifest.xml:168:13
	android:name
		ADDED from AndroidManifest.xml:166:13
activity#com.electricdroid.renaissance.splash.Trashion
ADDED from AndroidManifest.xml:173:9
	android:label
		ADDED from AndroidManifest.xml:175:13
	android:parentActivityName
		ADDED from AndroidManifest.xml:176:13
	android:name
		ADDED from AndroidManifest.xml:174:13
activity#com.electricdroid.renaissance.splash.MadeItMyself
ADDED from AndroidManifest.xml:181:9
	android:label
		ADDED from AndroidManifest.xml:183:13
	android:parentActivityName
		ADDED from AndroidManifest.xml:184:13
	android:name
		ADDED from AndroidManifest.xml:182:13
activity#com.electricdroid.renaissance.quanta.Constructo
ADDED from AndroidManifest.xml:189:9
	android:label
		ADDED from AndroidManifest.xml:191:13
	android:parentActivityName
		ADDED from AndroidManifest.xml:192:13
	android:theme
		ADDED from AndroidManifest.xml:193:13
	android:name
		ADDED from AndroidManifest.xml:190:13
activity#com.electricdroid.renaissance.quanta.constructo.Aero
ADDED from AndroidManifest.xml:198:9
	android:label
		ADDED from AndroidManifest.xml:200:13
	android:parentActivityName
		ADDED from AndroidManifest.xml:201:13
	android:name
		ADDED from AndroidManifest.xml:199:13
activity#com.electricdroid.renaissance.quanta.constructo.BrainWiz
ADDED from AndroidManifest.xml:206:9
	android:label
		ADDED from AndroidManifest.xml:208:13
	android:parentActivityName
		ADDED from AndroidManifest.xml:209:13
	android:name
		ADDED from AndroidManifest.xml:207:13
activity#com.electricdroid.renaissance.quanta.constructo.Combatant
ADDED from AndroidManifest.xml:214:9
	android:label
		ADDED from AndroidManifest.xml:216:13
	android:parentActivityName
		ADDED from AndroidManifest.xml:217:13
	android:name
		ADDED from AndroidManifest.xml:215:13
activity#com.electricdroid.renaissance.quanta.constructo.Dexterity
ADDED from AndroidManifest.xml:222:9
	android:label
		ADDED from AndroidManifest.xml:224:13
	android:parentActivityName
		ADDED from AndroidManifest.xml:225:13
	android:name
		ADDED from AndroidManifest.xml:223:13
activity#com.electricdroid.renaissance.quanta.constructo.Embryo
ADDED from AndroidManifest.xml:230:9
	android:label
		ADDED from AndroidManifest.xml:232:13
	android:parentActivityName
		ADDED from AndroidManifest.xml:233:13
	android:name
		ADDED from AndroidManifest.xml:231:13
activity#com.electricdroid.renaissance.quanta.constructo.ForkLifter
ADDED from AndroidManifest.xml:238:9
	android:label
		ADDED from AndroidManifest.xml:240:13
	android:parentActivityName
		ADDED from AndroidManifest.xml:241:13
	android:name
		ADDED from AndroidManifest.xml:239:13
activity#com.electricdroid.renaissance.quanta.constructo.JunkyardWar
ADDED from AndroidManifest.xml:246:9
	android:label
		ADDED from AndroidManifest.xml:248:13
	android:parentActivityName
		ADDED from AndroidManifest.xml:249:13
	android:name
		ADDED from AndroidManifest.xml:247:13
activity#com.electricdroid.renaissance.quanta.constructo.ReverseEngineering
ADDED from AndroidManifest.xml:254:9
	android:label
		ADDED from AndroidManifest.xml:256:13
	android:parentActivityName
		ADDED from AndroidManifest.xml:257:13
	android:name
		ADDED from AndroidManifest.xml:255:13
activity#com.electricdroid.renaissance.quanta.constructo.SandIt
ADDED from AndroidManifest.xml:262:9
	android:label
		ADDED from AndroidManifest.xml:264:13
	android:parentActivityName
		ADDED from AndroidManifest.xml:265:13
	android:name
		ADDED from AndroidManifest.xml:263:13
activity#com.electricdroid.renaissance.quanta.constructo.SpellBee
ADDED from AndroidManifest.xml:270:9
	android:label
		ADDED from AndroidManifest.xml:272:13
	android:parentActivityName
		ADDED from AndroidManifest.xml:273:13
	android:name
		ADDED from AndroidManifest.xml:271:13
activity#com.electricdroid.renaissance.quanta.constructo.TechnoCrosswinds
ADDED from AndroidManifest.xml:278:9
	android:label
		ADDED from AndroidManifest.xml:280:13
	android:parentActivityName
		ADDED from AndroidManifest.xml:281:13
	android:name
		ADDED from AndroidManifest.xml:279:13
activity#com.electricdroid.renaissance.quanta.constructo.Zenith
ADDED from AndroidManifest.xml:286:9
	android:label
		ADDED from AndroidManifest.xml:288:13
	android:parentActivityName
		ADDED from AndroidManifest.xml:289:13
	android:name
		ADDED from AndroidManifest.xml:287:13
activity#com.electricdroid.renaissance.quanta.ComputerKingdom
ADDED from AndroidManifest.xml:294:9
	android:label
		ADDED from AndroidManifest.xml:296:13
	android:parentActivityName
		ADDED from AndroidManifest.xml:297:13
	android:theme
		ADDED from AndroidManifest.xml:298:13
	android:name
		ADDED from AndroidManifest.xml:295:13
activity#com.electricdroid.renaissance.quanta.computerkingdom.JavaLets
ADDED from AndroidManifest.xml:303:9
	android:label
		ADDED from AndroidManifest.xml:305:13
	android:parentActivityName
		ADDED from AndroidManifest.xml:306:13
	android:name
		ADDED from AndroidManifest.xml:304:13
activity#com.electricdroid.renaissance.quanta.computerkingdom.JustC
ADDED from AndroidManifest.xml:311:9
	android:label
		ADDED from AndroidManifest.xml:313:13
	android:parentActivityName
		ADDED from AndroidManifest.xml:314:13
	android:name
		ADDED from AndroidManifest.xml:312:13
activity#com.electricdroid.renaissance.quanta.computerkingdom.StepToStock
ADDED from AndroidManifest.xml:319:9
	android:label
		ADDED from AndroidManifest.xml:321:13
	android:parentActivityName
		ADDED from AndroidManifest.xml:322:13
	android:name
		ADDED from AndroidManifest.xml:320:13
activity#com.electricdroid.renaissance.quanta.computerkingdom.Subito
ADDED from AndroidManifest.xml:327:9
	android:label
		ADDED from AndroidManifest.xml:329:13
	android:parentActivityName
		ADDED from AndroidManifest.xml:330:13
	android:name
		ADDED from AndroidManifest.xml:328:13
activity#com.electricdroid.renaissance.quanta.computerkingdom.CaddMania
ADDED from AndroidManifest.xml:335:9
	android:label
		ADDED from AndroidManifest.xml:337:13
	android:parentActivityName
		ADDED from AndroidManifest.xml:338:13
	android:name
		ADDED from AndroidManifest.xml:336:13
activity#com.electricdroid.renaissance.quanta.RoboFiesta
ADDED from AndroidManifest.xml:343:9
	android:label
		ADDED from AndroidManifest.xml:345:13
	android:parentActivityName
		ADDED from AndroidManifest.xml:346:13
	android:theme
		ADDED from AndroidManifest.xml:347:13
	android:name
		ADDED from AndroidManifest.xml:344:13
activity#com.electricdroid.renaissance.quanta.robofiesta.RoboWar
ADDED from AndroidManifest.xml:352:9
	android:label
		ADDED from AndroidManifest.xml:354:13
	android:parentActivityName
		ADDED from AndroidManifest.xml:355:13
	android:name
		ADDED from AndroidManifest.xml:353:13
activity#com.electricdroid.renaissance.quanta.robofiesta.LineFollower
ADDED from AndroidManifest.xml:360:9
	android:label
		ADDED from AndroidManifest.xml:362:13
	android:parentActivityName
		ADDED from AndroidManifest.xml:363:13
	android:name
		ADDED from AndroidManifest.xml:361:13
activity#com.electricdroid.renaissance.quanta.robofiesta.FormulaZero
ADDED from AndroidManifest.xml:368:9
	android:label
		ADDED from AndroidManifest.xml:370:13
	android:parentActivityName
		ADDED from AndroidManifest.xml:371:13
	android:name
		ADDED from AndroidManifest.xml:369:13
activity#com.electricdroid.renaissance.quanta.robofiesta.RCCar
ADDED from AndroidManifest.xml:376:9
	android:label
		ADDED from AndroidManifest.xml:378:13
	android:parentActivityName
		ADDED from AndroidManifest.xml:379:13
	android:name
		ADDED from AndroidManifest.xml:377:13
activity#com.electricdroid.renaissance.endeavour.EndeavourEvent
ADDED from AndroidManifest.xml:384:9
	android:label
		ADDED from AndroidManifest.xml:386:13
	android:parentActivityName
		ADDED from AndroidManifest.xml:387:13
	android:theme
		ADDED from AndroidManifest.xml:388:13
	android:name
		ADDED from AndroidManifest.xml:385:13
activity#com.electricdroid.renaissance.endeavour.Adaa
ADDED from AndroidManifest.xml:393:9
	android:label
		ADDED from AndroidManifest.xml:395:13
	android:parentActivityName
		ADDED from AndroidManifest.xml:396:13
	android:name
		ADDED from AndroidManifest.xml:394:13
activity#com.electricdroid.renaissance.endeavour.Anupras
ADDED from AndroidManifest.xml:401:9
	android:label
		ADDED from AndroidManifest.xml:403:13
	android:parentActivityName
		ADDED from AndroidManifest.xml:404:13
	android:name
		ADDED from AndroidManifest.xml:402:13
activity#com.electricdroid.renaissance.endeavour.BootStrapping
ADDED from AndroidManifest.xml:409:9
	android:label
		ADDED from AndroidManifest.xml:411:13
	android:parentActivityName
		ADDED from AndroidManifest.xml:412:13
	android:name
		ADDED from AndroidManifest.xml:410:13
activity#com.electricdroid.renaissance.endeavour.NukkadNatak
ADDED from AndroidManifest.xml:417:9
	android:label
		ADDED from AndroidManifest.xml:419:13
	android:parentActivityName
		ADDED from AndroidManifest.xml:420:13
	android:name
		ADDED from AndroidManifest.xml:418:13
activity#com.electricdroid.renaissance.endeavour.RagaNight
ADDED from AndroidManifest.xml:425:9
	android:label
		ADDED from AndroidManifest.xml:427:13
	android:parentActivityName
		ADDED from AndroidManifest.xml:428:13
	android:name
		ADDED from AndroidManifest.xml:426:13
activity#com.electricdroid.renaissance.endeavour.Rockathon
ADDED from AndroidManifest.xml:433:9
	android:label
		ADDED from AndroidManifest.xml:435:13
	android:parentActivityName
		ADDED from AndroidManifest.xml:436:13
	android:name
		ADDED from AndroidManifest.xml:434:13
activity#com.electricdroid.renaissance.endeavour.StepUp
ADDED from AndroidManifest.xml:441:9
	android:label
		ADDED from AndroidManifest.xml:443:13
	android:parentActivityName
		ADDED from AndroidManifest.xml:444:13
	android:name
		ADDED from AndroidManifest.xml:442:13
activity#com.electricdroid.renaissance.endeavour.VinylWar
ADDED from AndroidManifest.xml:449:9
	android:label
		ADDED from AndroidManifest.xml:451:13
	android:parentActivityName
		ADDED from AndroidManifest.xml:452:13
	android:name
		ADDED from AndroidManifest.xml:450:13
activity#com.electricdroid.renaissance.quanta.QuantaEvent
ADDED from AndroidManifest.xml:457:9
	android:label
		ADDED from AndroidManifest.xml:459:13
	android:name
		ADDED from AndroidManifest.xml:458:13
activity#com.electricdroid.renaissance.Doodle
ADDED from AndroidManifest.xml:460:9
	android:label
		ADDED from AndroidManifest.xml:462:13
	android:parentActivityName
		ADDED from AndroidManifest.xml:463:13
	android:theme
		ADDED from AndroidManifest.xml:464:13
	android:name
		ADDED from AndroidManifest.xml:461:13
activity#com.electricdroid.renaissance.ContactUs
ADDED from AndroidManifest.xml:469:9
	android:label
		ADDED from AndroidManifest.xml:471:13
	android:parentActivityName
		ADDED from AndroidManifest.xml:472:13
	android:theme
		ADDED from AndroidManifest.xml:473:13
	android:name
		ADDED from AndroidManifest.xml:470:13
activity#com.electricdroid.renaissance.Prefs
ADDED from AndroidManifest.xml:478:9
	android:label
		ADDED from AndroidManifest.xml:480:13
	android:name
		ADDED from AndroidManifest.xml:479:13
activity#com.electricdroid.renaissance.Zarurat
ADDED from AndroidManifest.xml:482:9
	android:label
		ADDED from AndroidManifest.xml:484:13
	android:theme
		ADDED from AndroidManifest.xml:485:13
	android:name
		ADDED from AndroidManifest.xml:483:13
activity#com.electricdroid.renaissance.Alumni
ADDED from AndroidManifest.xml:487:9
	android:label
		ADDED from AndroidManifest.xml:489:13
	android:theme
		ADDED from AndroidManifest.xml:490:13
	android:name
		ADDED from AndroidManifest.xml:488:13
uses-sdk
INJECTED from AndroidManifest.xml:0:0 reason: use-sdk injection requested
MERGED from com.android.support:appcompat-v7:21.0.3:15:5
MERGED from com.android.support:support-v4:21.0.3:15:5
MERGED from com.android.support:support-v4:21.0.3:15:5
MERGED from com.android.support:cardview-v7:21.0.3:15:5
MERGED from com.android.support:recyclerview-v7:21.0.3:15:5
MERGED from com.android.support:support-v4:21.0.3:15:5
	android:targetSdkVersion
		INJECTED from AndroidManifest.xml:0:0
		INJECTED from AndroidManifest.xml:0:0
	android:minSdkVersion
		INJECTED from AndroidManifest.xml:0:0
		INJECTED from AndroidManifest.xml:0:0
activity#android.support.v7.widget.TestActivity
ADDED from com.android.support:recyclerview-v7:21.0.3:18:9
	android:label
		ADDED from com.android.support:recyclerview-v7:21.0.3:18:19
	android:name
		ADDED from com.android.support:recyclerview-v7:21.0.3:18:60